<?xml version="1.0" encoding="UTF-8"?>
<!-- Generated by org.testng.reporters.JUnitReportReporter -->
<testsuite hostname="LAPTOP-3BL16AQ1" failures="0" tests="9" name="TestNg_Attributes.Attribute_InvocationCount" time="3.028" errors="0" timestamp="2024-04-20T18:11:02 IST" skipped="1">
  <testcase classname="TestNg_Attributes.Attribute_InvocationCount" name="enterUsername" time="0.186"/>
  <system-out/>
  <testcase classname="TestNg_Attributes.Attribute_InvocationCount" name="enterUsername" time="0.168"/>
  <system-out/>
  <testcase classname="TestNg_Attributes.Attribute_InvocationCount" name="enterUsername" time="0.164"/>
  <system-out/>
  <testcase classname="TestNg_Attributes.Attribute_InvocationCount" name="enterUsername" time="1.768"/>
  <system-out/>
  <testcase classname="TestNg_Attributes.Attribute_InvocationCount" name="enterUsername" time="0.224"/>
  <system-out/>
  <testcase classname="TestNg_Attributes.Attribute_InvocationCount" name="enterUsername" time="0.130"/>
  <system-out/>
  <testcase classname="TestNg_Attributes.Attribute_InvocationCount" name="enterUsername" time="0.146"/>
  <system-out/>
  <testcase classname="TestNg_Attributes.Attribute_InvocationCount" name="enterPassword" time="0.242"/>
  <system-out/>
  <testcase classname="TestNg_Attributes.Attribute_InvocationCount" name="clickLogin">
    <skipped/>
  </testcase> <!-- clickLogin -->
  <system-out/>
</testsuite> <!-- TestNg_Attributes.Attribute_InvocationCount -->
