<?xml version="1.0" encoding="UTF-8"?>
<!-- Generated by org.testng.reporters.JUnitReportReporter -->
<testsuite hostname="LAPTOP-3BL16AQ1" failures="0" tests="3" name="TestNg_Assertions.SoftAssertion" time="53.553" errors="0" timestamp="2024-04-22T17:56:34 IST" skipped="0">
  <testcase classname="TestNg_Assertions.SoftAssertion" name="enterUsername" time="40.134"/>
  <system-out/>
  <testcase classname="TestNg_Assertions.SoftAssertion" name="enterPassword" time="11.188"/>
  <system-out/>
  <testcase classname="TestNg_Assertions.SoftAssertion" name="clickLogin" time="2.231"/>
  <system-out/>
</testsuite> <!-- TestNg_Assertions.SoftAssertion -->
