<?xml version="1.0" encoding="UTF-8"?>
<!-- Generated by org.testng.reporters.JUnitReportReporter -->
<testsuite hostname="LAPTOP-3BL16AQ1" failures="0" tests="1" name="ExtentReports.ExtentReportExample" time="3.886" errors="0" timestamp="2024-04-27T18:21:57 IST" skipped="0">
  <testcase classname="ExtentReports.ExtentReportExample" name="loginToOrangeHRM" time="3.886"/>
  <system-out/>
</testsuite> <!-- ExtentReports.ExtentReportExample -->
