<?xml version="1.0" encoding="UTF-8"?>
<!-- Generated by org.testng.reporters.JUnitReportReporter -->
<testsuite hostname="LAPTOP-3BL16AQ1" failures="0" tests="3" name="Tests.TC_2_LoginAndLogoutTest" time="34.022" errors="0" timestamp="2024-04-26T18:02:38 IST" skipped="0">
  <testcase classname="Tests.TC_2_LoginAndLogoutTest" name="clickForgotYourPassword" time="15.538"/>
  <system-out/>
  <testcase classname="Tests.TC_2_LoginAndLogoutTest" name="enterUsername" time="9.088"/>
  <system-out/>
  <testcase classname="Tests.TC_2_LoginAndLogoutTest" name="clickCancel" time="9.396"/>
  <system-out/>
</testsuite> <!-- Tests.TC_2_LoginAndLogoutTest -->
