<?xml version="1.0" encoding="UTF-8"?>
<!-- Generated by org.testng.reporters.JUnitReportReporter -->
<testsuite hostname="LAPTOP-3BL16AQ1" failures="0" tests="3" name="Tests.TC_1_LoginToOrangeHRM" time="4.903" errors="0" timestamp="2024-04-26T17:52:58 IST" skipped="0">
  <testcase classname="Tests.TC_1_LoginToOrangeHRM" name="enterUsername" time="2.495"/>
  <system-out/>
  <testcase classname="Tests.TC_1_LoginToOrangeHRM" name="enterPassword" time="0.801"/>
  <system-out/>
  <testcase classname="Tests.TC_1_LoginToOrangeHRM" name="clickLogin" time="1.607"/>
  <system-out/>
</testsuite> <!-- Tests.TC_1_LoginToOrangeHRM -->
