<?xml version="1.0" encoding="UTF-8"?>
<!-- Generated by org.testng.reporters.JUnitReportReporter -->
<testsuite hostname="LAPTOP-3BL16AQ1" failures="0" tests="3" name="TestNg.TC_1_LoginToOrangeHRM_Edge" time="11.199" errors="0" timestamp="2024-04-22T18:07:00 IST" skipped="0">
  <testcase classname="TestNg.TC_1_LoginToOrangeHRM_Edge" name="enterUsername" time="8.707"/>
  <system-out/>
  <testcase classname="TestNg.TC_1_LoginToOrangeHRM_Edge" name="enterPassword" time="0.363"/>
  <system-out/>
  <testcase classname="TestNg.TC_1_LoginToOrangeHRM_Edge" name="clickLogin" time="2.129"/>
  <system-out/>
</testsuite> <!-- TestNg.TC_1_LoginToOrangeHRM_Edge -->
