<?xml version="1.0" encoding="UTF-8"?>
<!-- Generated by org.testng.reporters.JUnitReportReporter -->
<testsuite hostname="LAPTOP-3BL16AQ1" failures="0" tests="3" name="TestNg.DataProviders_Example" time="4.672" errors="0" timestamp="2024-04-20T18:00:27 IST" skipped="0">
  <testcase classname="TestNg.DataProviders_Example" name="enterCredentials" time="1.771"/>
  <system-out/>
  <testcase classname="TestNg.DataProviders_Example" name="enterCredentials" time="1.454"/>
  <system-out/>
  <testcase classname="TestNg.DataProviders_Example" name="enterCredentials" time="1.447"/>
  <system-out/>
</testsuite> <!-- TestNg.DataProviders_Example -->
