<?xml version="1.0" encoding="UTF-8"?>
<!-- Generated by org.testng.reporters.JUnitReportReporter -->
<testsuite hostname="LAPTOP-3BL16AQ1" failures="0" tests="3" name="TestNg.TC_1_LoginToOrangeHRM" time="4.199" errors="0" timestamp="2024-04-22T18:07:00 IST" skipped="0">
  <testcase classname="TestNg.TC_1_LoginToOrangeHRM" name="enterUsername" time="2.215"/>
  <system-out/>
  <testcase classname="TestNg.TC_1_LoginToOrangeHRM" name="enterPassword" time="0.305"/>
  <system-out/>
  <testcase classname="TestNg.TC_1_LoginToOrangeHRM" name="clickLogin" time="1.679"/>
  <system-out/>
</testsuite> <!-- TestNg.TC_1_LoginToOrangeHRM -->
