<?xml version="1.0" encoding="UTF-8"?>
<!-- Generated by org.testng.reporters.JUnitReportReporter -->
<testsuite hostname="LAPTOP-3BL16AQ1" failures="0" tests="2" name="ExtentReports.ExtentReportExample2" time="6.259" errors="0" timestamp="2024-04-27T18:24:01 IST" skipped="0">
  <testcase classname="ExtentReports.ExtentReportExample2" name="loginToOrangeHRM" time="5.579"/>
  <system-out/>
  <testcase classname="ExtentReports.ExtentReportExample2" name="clickLogout" time="0.680"/>
  <system-out/>
</testsuite> <!-- ExtentReports.ExtentReportExample2 -->
