<?xml version="1.0" encoding="UTF-8"?>
<!-- Generated by org.testng.reporters.JUnitReportReporter -->
<testsuite hostname="LAPTOP-3BL16AQ1" failures="0" tests="3" name="TestNg_Assertions.HardAssertion" time="60.562" errors="0" timestamp="2024-04-22T17:43:27 IST" skipped="0">
  <testcase classname="TestNg_Assertions.HardAssertion" name="enterPassword" time="6.151"/>
  <system-out/>
  <testcase classname="TestNg_Assertions.HardAssertion" name="enterUsername" time="51.641"/>
  <system-out/>
  <testcase classname="TestNg_Assertions.HardAssertion" name="clickLogin" time="2.770"/>
  <system-out/>
</testsuite> <!-- TestNg_Assertions.HardAssertion -->
