<?xml version="1.0" encoding="UTF-8"?>
<!-- Generated by org.testng.reporters.JUnitReportReporter -->
<testsuite hostname="LAPTOP-3BL16AQ1" failures="0" tests="3" name="TestNg_Attributes.Attribute_Timeout" time="2.006" errors="0" timestamp="2024-04-20T18:09:32 IST" skipped="0">
  <testcase classname="TestNg_Attributes.Attribute_Timeout" name="enterUsername" time="1.449"/>
  <system-out/>
  <testcase classname="TestNg_Attributes.Attribute_Timeout" name="enterPassword" time="0.319"/>
  <system-out/>
  <testcase classname="TestNg_Attributes.Attribute_Timeout" name="clickLogin" time="0.238"/>
  <system-out/>
</testsuite> <!-- TestNg_Attributes.Attribute_Timeout -->
