<?xml version="1.0" encoding="UTF-8"?>
<!-- Generated by org.testng.reporters.JUnitReportReporter -->
<testsuite hostname="LAPTOP-3BL16AQ1" failures="0" tests="3" name="TestNg_Attributes.Attribute_DependsOnMethods" time="3.325" errors="0" timestamp="2024-04-20T18:17:22 IST" skipped="0">
  <testcase classname="TestNg_Attributes.Attribute_DependsOnMethods" name="enterPassword" time="0.396"/>
  <system-out/>
  <testcase classname="TestNg_Attributes.Attribute_DependsOnMethods" name="enterUsername" time="1.345"/>
  <system-out/>
  <testcase classname="TestNg_Attributes.Attribute_DependsOnMethods" name="clickLogin" time="1.584"/>
  <system-out/>
</testsuite> <!-- TestNg_Attributes.Attribute_DependsOnMethods -->
