<?xml version="1.0" encoding="UTF-8"?>
<!-- Generated by org.testng.reporters.JUnitReportReporter -->
<testsuite hostname="LAPTOP-3BL16AQ1" failures="0" tests="3" name="TestNg_Attributes.Attribute_Enabled" time="4.674" errors="0" timestamp="2024-04-20T18:07:49 IST" skipped="1">
  <testcase classname="TestNg_Attributes.Attribute_Enabled" name="enterUsername" time="4.252"/>
  <system-out/>
  <testcase classname="TestNg_Attributes.Attribute_Enabled" name="enterPassword" time="0.422"/>
  <system-out/>
  <testcase classname="TestNg_Attributes.Attribute_Enabled" name="clickLogin">
    <skipped/>
  </testcase> <!-- clickLogin -->
  <system-out/>
</testsuite> <!-- TestNg_Attributes.Attribute_Enabled -->
