<?xml version="1.0" encoding="UTF-8"?>
<!-- Generated by org.testng.reporters.JUnitReportReporter -->
<testsuite hostname="LAPTOP-3BL16AQ1" failures="0" tests="5" name="Tests.TC_3_LoginAndLogout" time="30.305" errors="0" timestamp="2024-04-27T17:57:48 IST" skipped="0">
  <testcase classname="Tests.TC_3_LoginAndLogout" name="enterUsername" time="1.614"/>
  <system-out/>
  <testcase classname="Tests.TC_3_LoginAndLogout" name="enterPassword" time="0.268"/>
  <system-out/>
  <testcase classname="Tests.TC_3_LoginAndLogout" name="clickLogin" time="1.674"/>
  <system-out/>
  <testcase classname="Tests.TC_3_LoginAndLogout" name="clickUsernameDropdown" time="9.379"/>
  <system-out/>
  <testcase classname="Tests.TC_3_LoginAndLogout" name="clickLogout" time="17.370"/>
  <system-out/>
</testsuite> <!-- Tests.TC_3_LoginAndLogout -->
