<?xml version="1.0" encoding="UTF-8"?>
<!-- Generated by org.testng.reporters.JUnitReportReporter -->
<testsuite hostname="LAPTOP-3BL16AQ1" failures="0" tests="3" name="TestNg.TC_1_ScreenshotVerification" time="3.876" errors="0" timestamp="2024-04-23T18:12:19 IST" skipped="0">
  <testcase classname="TestNg.TC_1_ScreenshotVerification" name="enterUsername" time="0.778"/>
  <system-out/>
  <testcase classname="TestNg.TC_1_ScreenshotVerification" name="enterPassword" time="0.608"/>
  <system-out/>
  <testcase classname="TestNg.TC_1_ScreenshotVerification" name="clickLogin" time="2.490"/>
  <system-out/>
</testsuite> <!-- TestNg.TC_1_ScreenshotVerification -->
