<?xml version="1.0" encoding="UTF-8"?>
<!-- Generated by org.testng.reporters.JUnitReportReporter -->
<testsuite hostname="LAPTOP-3BL16AQ1" failures="0" tests="3" name="TestNg_Attributes.Attribute_Description" time="3.745" errors="0" timestamp="2024-04-20T18:13:41 IST" skipped="0">
  <testcase classname="TestNg_Attributes.Attribute_Description" name="enterUsername" time="1.574"/>
  <system-out/>
  <testcase classname="TestNg_Attributes.Attribute_Description" name="enterPassword" time="0.514"/>
  <system-out/>
  <testcase classname="TestNg_Attributes.Attribute_Description" name="clickLogin" time="1.657"/>
  <system-out/>
</testsuite> <!-- TestNg_Attributes.Attribute_Description -->
