<?xml version="1.0" encoding="UTF-8"?>
<!-- Generated by org.testng.reporters.JUnitReportReporter -->
<testsuite hostname="LAPTOP-3BL16AQ1" failures="0" tests="3" name="TestNg.DynamicTestCaseHandling" time="7.715" errors="0" timestamp="2024-04-20T17:41:34 IST" skipped="0">
  <testcase classname="TestNg.DynamicTestCaseHandling" name="enterUsername" time="3.855"/>
  <system-out/>
  <testcase classname="TestNg.DynamicTestCaseHandling" name="enterPassword" time="0.457"/>
  <system-out/>
  <testcase classname="TestNg.DynamicTestCaseHandling" name="clickLogin" time="3.403"/>
  <system-out/>
</testsuite> <!-- TestNg.DynamicTestCaseHandling -->
