<?xml version="1.0" encoding="UTF-8"?>
<!-- Generated by org.testng.reporters.JUnitReportReporter -->
<testsuite hostname="LAPTOP-3BL16AQ1" failures="0" tests="3" name="TestNg_Attributes.Attribute_Priority" time="3.708" errors="0" timestamp="2024-04-20T18:06:04 IST" skipped="0">
  <testcase classname="TestNg_Attributes.Attribute_Priority" name="enterUsername" time="1.276"/>
  <system-out/>
  <testcase classname="TestNg_Attributes.Attribute_Priority" name="enterPassword" time="0.746"/>
  <system-out/>
  <testcase classname="TestNg_Attributes.Attribute_Priority" name="clickLogin" time="1.686"/>
  <system-out/>
</testsuite> <!-- TestNg_Attributes.Attribute_Priority -->
